<?xml version="1.0" encoding="UTF-8"?>
<!-- Generated by org.testng.reporters.JUnitXMLReporter -->
<testsuite ignored="2" hostname="Sarabdeeps-MBP" failures="0" tests="6" name="Surefire test" time="77.133" errors="0" timestamp="2023-11-22T16:10:40 CET">
  <testcase classname="Tests.demoTest" name="test1" time="4.637"/>
  <testcase classname="Tests.AbstractCompsTest" name="searchAndAddItemToCart" time="19.205"/>
  <testcase classname="Tests.AbstractCompsTest" name="verifyCurrencySelection" time="2.75"/>
  <testcase classname="Tests.AbstractCompsTest" name="verifyFloatingButtons_ScrollingToBottomOfScreen" time="1.497"/>
  <testcase classname="Tests.AbstractCompsTest" name="verifyOrderTracking_InvalidTrackingID" time="2.095"/>
  <testcase classname="Tests.AbstractCompsTest" name="verifyRegisterationPage" time="2.236"/>
  <testcase classname="TestComponents.BaseTest" name="@AfterSuite endTest" time="0.0">
    <ignored/>
  </testcase> <!-- @AfterSuite endTest -->
  <testcase classname="TestComponents.BaseTest" name="@AfterSuite endTest" time="0.0">
    <ignored/>
  </testcase> <!-- @AfterSuite endTest -->
</testsuite> <!-- Surefire test -->
