<?xml version="1.0" encoding="UTF-8"?>
<!-- Generated by org.testng.reporters.JUnitXMLReporter -->
<testsuite ignored="4" hostname="Sarabdeeps-MBP" failures="0" tests="1" name="Default test" time="10.725" errors="0" timestamp="2023-11-22T13:54:35 CET">
  <testcase classname="Tests.AbstractCompsTest" name="verifyRegisterationPage" time="2.983"/>
  <testcase classname="Tests.AbstractCompsTest" name="verifyFloatingButtons_ScrollingToBottomOfScreen" time="0.0">
    <ignored/>
  </testcase> <!-- verifyFloatingButtons_ScrollingToBottomOfScreen -->
  <testcase classname="Tests.AbstractCompsTest" name="searchAndAddItemToCart" time="0.0">
    <ignored/>
  </testcase> <!-- searchAndAddItemToCart -->
  <testcase classname="Tests.AbstractCompsTest" name="verifyCurrencySelection" time="0.0">
    <ignored/>
  </testcase> <!-- verifyCurrencySelection -->
  <testcase classname="Tests.AbstractCompsTest" name="verifyOrderTracking_InvalidTrackingID" time="0.0">
    <ignored/>
  </testcase> <!-- verifyOrderTracking_InvalidTrackingID -->
</testsuite> <!-- Default test -->
