<?xml version="1.0" encoding="UTF-8"?>
<testsuite xmlns:xsi="http://www.w3.org/2001/XMLSchema-instance" xsi:noNamespaceSchemaLocation="https://maven.apache.org/surefire/maven-surefire-plugin/xsd/surefire-test-report-3.0.xsd" version="3.0" name="TestSuite" time="77.62" tests="6" errors="0" skipped="0" failures="0">
  <properties>
[...]
</properties>
  <testcase name="test1" classname="Tests.demoTest" time="4.642">
    <system-out><![CDATA[executed chrome
Hello in test
€ Euro
Rs. India Rupee
]]></system-out>
    <system-err><![CDATA[SLF4J: Failed to load class "org.slf4j.impl.StaticLoggerBinder".
SLF4J: Defaulting to no-operation (NOP) logger implementation
SLF4J: See http://www.slf4j.org/codes.html#StaticLoggerBinder for further details.
Nov 22, 2023 4:09:24 PM org.openqa.selenium.devtools.CdpVersionFinder findNearestMatch
WARNING: Unable to find an exact match for CDP version 119, returning the closest version; found: 118; Please update to a Selenium version that supports CDP version 119
]]></system-err>
  </testcase>
  <testcase name="searchAndAddItemToCart" classname="Tests.AbstractCompsTest" time="19.204">
    <system-out><![CDATA[executed chrome
€ Euro
Rs. India Rupee
16:09:47.026 [main] INFO  Tests.AbstractCompsTest - Currency is set to: Rs. India Rupee
16:10:00.806 [main] INFO  Tests.AbstractCompsTest - Item Added to Cart
16:10:01.970 [main] INFO  Tests.AbstractCompsTest - Cart Viewed
]]></system-out>
    <system-err><![CDATA[Nov 22, 2023 4:09:36 PM org.openqa.selenium.devtools.CdpVersionFinder findNearestMatch
WARNING: Unable to find an exact match for CDP version 119, returning the closest version; found: 118; Please update to a Selenium version that supports CDP version 119
]]></system-err>
  </testcase>
  <testcase name="verifyCurrencySelection" classname="Tests.AbstractCompsTest" time="2.749">
    <system-out><![CDATA[executed chrome
€ Euro
Rs. India Rupee
16:10:11.214 [main] INFO  Tests.AbstractCompsTest - Expected currency selection Passed 
]]></system-out>
    <system-err><![CDATA[Nov 22, 2023 4:10:02 PM org.openqa.selenium.devtools.CdpVersionFinder findNearestMatch
WARNING: Unable to find an exact match for CDP version 119, returning the closest version; found: 118; Please update to a Selenium version that supports CDP version 119
]]></system-err>
  </testcase>
  <testcase name="verifyFloatingButtons_ScrollingToBottomOfScreen" classname="Tests.AbstractCompsTest" time="1.498">
    <system-out><![CDATA[executed chrome
16:10:19.661 [main] INFO  Tests.AbstractCompsTest - Moved to the bottom of the Screen 
16:10:20.993 [main] INFO  Tests.AbstractCompsTest - Clicked floating tracking button on Home Page 
16:10:21.088 [main] INFO  Tests.AbstractCompsTest - Switched back to the Home Page 
16:10:21.093 [main] INFO  Tests.AbstractCompsTest - Moved to the top of the screen 
16:10:21.145 [main] INFO  Tests.AbstractCompsTest - Clicked floating WhatsApp Button 
]]></system-out>
    <system-err><![CDATA[Nov 22, 2023 4:10:12 PM org.openqa.selenium.devtools.CdpVersionFinder findNearestMatch
WARNING: Unable to find an exact match for CDP version 119, returning the closest version; found: 118; Please update to a Selenium version that supports CDP version 119
]]></system-err>
  </testcase>
  <testcase name="verifyOrderTracking_InvalidTrackingID" classname="Tests.AbstractCompsTest" time="2.095">
    <system-out><![CDATA[executed chrome
16:10:30.864 [main] INFO  Tests.AbstractCompsTest - Order ID Tracking for invalidID verified correctly with expected Invalid Order Tracking Text
]]></system-out>
    <system-err><![CDATA[Nov 22, 2023 4:10:22 PM org.openqa.selenium.devtools.CdpVersionFinder findNearestMatch
WARNING: Unable to find an exact match for CDP version 119, returning the closest version; found: 118; Please update to a Selenium version that supports CDP version 119
]]></system-err>
  </testcase>
  <testcase name="verifyRegisterationPage" classname="Tests.AbstractCompsTest" time="2.236">
    <system-out><![CDATA[executed chrome
16:10:40.102 [main] INFO  Tests.AbstractCompsTest - Clicked continue button on Register Page without checking Privacy Policy CheckButton
16:10:40.117 [main] INFO  Tests.AbstractCompsTest - Expected Privacy warning Message displayed
]]></system-out>
    <system-err><![CDATA[Nov 22, 2023 4:10:31 PM org.openqa.selenium.devtools.CdpVersionFinder findNearestMatch
WARNING: Unable to find an exact match for CDP version 119, returning the closest version; found: 118; Please update to a Selenium version that supports CDP version 119
]]></system-err>
  </testcase>
</testsuite>