<?xml version="1.0" encoding="UTF-8"?>
<testng-results ignored="0" total="6" passed="6" failed="0" skipped="0">
  <reporter-output>
  </reporter-output>
  <suite started-at="2023-11-22T16:09:23 CET" name="Surefire suite" finished-at="2023-11-22T16:10:40 CET" duration-ms="77133">
    <groups>
    </groups>
    <test started-at="2023-11-22T16:09:23 CET" name="Surefire test" finished-at="2023-11-22T16:10:40 CET" duration-ms="77133">
      <class name="Tests.AbstractCompsTest">
        <test-method is-config="true" signature="launchApp()[pri:0, instance:Tests.AbstractCompsTest@1eb6749b]" started-at="2023-11-22T16:09:35 CET" name="launchApp" finished-at="2023-11-22T16:09:42 CET" duration-ms="7494" status="PASS">
          <reporter-output>
          </reporter-output>
        </test-method> <!-- launchApp -->
        <test-method is-config="true" signature="testSetup()[pri:0, instance:Tests.AbstractCompsTest@1eb6749b]" started-at="2023-11-22T16:09:42 CET" name="testSetup" finished-at="2023-11-22T16:09:42 CET" duration-ms="6" status="PASS">
          <reporter-output>
          </reporter-output>
        </test-method> <!-- testSetup -->
        <test-method signature="searchAndAddItemToCart()[pri:0, instance:Tests.AbstractCompsTest@1eb6749b]" started-at="2023-11-22T16:09:42 CET" name="searchAndAddItemToCart" finished-at="2023-11-22T16:10:01 CET" duration-ms="19205" status="PASS">
          <reporter-output>
          </reporter-output>
        </test-method> <!-- searchAndAddItemToCart -->
        <test-method is-config="true" signature="teadDown()[pri:0, instance:Tests.AbstractCompsTest@1eb6749b]" started-at="2023-11-22T16:10:01 CET" name="teadDown" finished-at="2023-11-22T16:10:02 CET" duration-ms="123" status="PASS">
          <reporter-output>
          </reporter-output>
        </test-method> <!-- teadDown -->
        <test-method is-config="true" signature="launchApp()[pri:0, instance:Tests.AbstractCompsTest@1eb6749b]" started-at="2023-11-22T16:10:02 CET" name="launchApp" finished-at="2023-11-22T16:10:08 CET" duration-ms="6366" status="PASS">
          <reporter-output>
          </reporter-output>
        </test-method> <!-- launchApp -->
        <test-method is-config="true" signature="testSetup()[pri:0, instance:Tests.AbstractCompsTest@1eb6749b]" started-at="2023-11-22T16:10:08 CET" name="testSetup" finished-at="2023-11-22T16:10:08 CET" duration-ms="3" status="PASS">
          <reporter-output>
          </reporter-output>
        </test-method> <!-- testSetup -->
        <test-method signature="verifyCurrencySelection()[pri:0, instance:Tests.AbstractCompsTest@1eb6749b]" started-at="2023-11-22T16:10:08 CET" name="verifyCurrencySelection" finished-at="2023-11-22T16:10:11 CET" duration-ms="2750" status="PASS">
          <reporter-output>
          </reporter-output>
        </test-method> <!-- verifyCurrencySelection -->
        <test-method is-config="true" signature="teadDown()[pri:0, instance:Tests.AbstractCompsTest@1eb6749b]" started-at="2023-11-22T16:10:11 CET" name="teadDown" finished-at="2023-11-22T16:10:11 CET" duration-ms="117" status="PASS">
          <reporter-output>
          </reporter-output>
        </test-method> <!-- teadDown -->
        <test-method is-config="true" signature="launchApp()[pri:0, instance:Tests.AbstractCompsTest@1eb6749b]" started-at="2023-11-22T16:10:11 CET" name="launchApp" finished-at="2023-11-22T16:10:19 CET" duration-ms="8321" status="PASS">
          <reporter-output>
          </reporter-output>
        </test-method> <!-- launchApp -->
        <test-method is-config="true" signature="testSetup()[pri:0, instance:Tests.AbstractCompsTest@1eb6749b]" started-at="2023-11-22T16:10:19 CET" name="testSetup" finished-at="2023-11-22T16:10:19 CET" duration-ms="2" status="PASS">
          <reporter-output>
          </reporter-output>
        </test-method> <!-- testSetup -->
        <test-method signature="verifyFloatingButtons_ScrollingToBottomOfScreen()[pri:0, instance:Tests.AbstractCompsTest@1eb6749b]" started-at="2023-11-22T16:10:19 CET" name="verifyFloatingButtons_ScrollingToBottomOfScreen" finished-at="2023-11-22T16:10:21 CET" duration-ms="1497" status="PASS">
          <reporter-output>
          </reporter-output>
        </test-method> <!-- verifyFloatingButtons_ScrollingToBottomOfScreen -->
        <test-method is-config="true" signature="teadDown()[pri:0, instance:Tests.AbstractCompsTest@1eb6749b]" started-at="2023-11-22T16:10:21 CET" name="teadDown" finished-at="2023-11-22T16:10:21 CET" duration-ms="55" status="PASS">
          <reporter-output>
          </reporter-output>
        </test-method> <!-- teadDown -->
        <test-method is-config="true" signature="launchApp()[pri:0, instance:Tests.AbstractCompsTest@1eb6749b]" started-at="2023-11-22T16:10:21 CET" name="launchApp" finished-at="2023-11-22T16:10:28 CET" duration-ms="7560" status="PASS">
          <reporter-output>
          </reporter-output>
        </test-method> <!-- launchApp -->
        <test-method is-config="true" signature="testSetup()[pri:0, instance:Tests.AbstractCompsTest@1eb6749b]" started-at="2023-11-22T16:10:28 CET" name="testSetup" finished-at="2023-11-22T16:10:28 CET" duration-ms="1" status="PASS">
          <reporter-output>
          </reporter-output>
        </test-method> <!-- testSetup -->
        <test-method signature="verifyOrderTracking_InvalidTrackingID()[pri:0, instance:Tests.AbstractCompsTest@1eb6749b]" started-at="2023-11-22T16:10:28 CET" name="verifyOrderTracking_InvalidTrackingID" finished-at="2023-11-22T16:10:30 CET" duration-ms="2095" status="PASS">
          <reporter-output>
          </reporter-output>
        </test-method> <!-- verifyOrderTracking_InvalidTrackingID -->
        <test-method is-config="true" signature="teadDown()[pri:0, instance:Tests.AbstractCompsTest@1eb6749b]" started-at="2023-11-22T16:10:30 CET" name="teadDown" finished-at="2023-11-22T16:10:31 CET" duration-ms="159" status="PASS">
          <reporter-output>
          </reporter-output>
        </test-method> <!-- teadDown -->
        <test-method is-config="true" signature="launchApp()[pri:0, instance:Tests.AbstractCompsTest@1eb6749b]" started-at="2023-11-22T16:10:31 CET" name="launchApp" finished-at="2023-11-22T16:10:37 CET" duration-ms="6856" status="PASS">
          <reporter-output>
          </reporter-output>
        </test-method> <!-- launchApp -->
        <test-method is-config="true" signature="testSetup()[pri:0, instance:Tests.AbstractCompsTest@1eb6749b]" started-at="2023-11-22T16:10:37 CET" name="testSetup" finished-at="2023-11-22T16:10:37 CET" duration-ms="1" status="PASS">
          <reporter-output>
          </reporter-output>
        </test-method> <!-- testSetup -->
        <test-method signature="verifyRegisterationPage()[pri:0, instance:Tests.AbstractCompsTest@1eb6749b]" started-at="2023-11-22T16:10:37 CET" name="verifyRegisterationPage" finished-at="2023-11-22T16:10:40 CET" duration-ms="2236" status="PASS">
          <reporter-output>
          </reporter-output>
        </test-method> <!-- verifyRegisterationPage -->
        <test-method is-config="true" signature="teadDown()[pri:0, instance:Tests.AbstractCompsTest@1eb6749b]" started-at="2023-11-22T16:10:40 CET" name="teadDown" finished-at="2023-11-22T16:10:40 CET" duration-ms="133" status="PASS">
          <reporter-output>
          </reporter-output>
        </test-method> <!-- teadDown -->
      </class> <!-- Tests.AbstractCompsTest -->
      <class name="Tests.demoTest">
        <test-method is-config="true" signature="launchApp()[pri:0, instance:Tests.demoTest@932bc4a]" started-at="2023-11-22T16:09:23 CET" name="launchApp" finished-at="2023-11-22T16:09:30 CET" duration-ms="7342" status="PASS">
          <reporter-output>
          </reporter-output>
        </test-method> <!-- launchApp -->
        <test-method is-config="true" signature="testSetup()[pri:0, instance:Tests.demoTest@932bc4a]" started-at="2023-11-22T16:09:30 CET" name="testSetup" finished-at="2023-11-22T16:09:30 CET" duration-ms="17" status="PASS">
          <reporter-output>
          </reporter-output>
        </test-method> <!-- testSetup -->
        <test-method signature="test1()[pri:0, instance:Tests.demoTest@932bc4a]" started-at="2023-11-22T16:09:30 CET" name="test1" finished-at="2023-11-22T16:09:35 CET" duration-ms="4637" status="PASS">
          <reporter-output>
          </reporter-output>
        </test-method> <!-- test1 -->
        <test-method is-config="true" signature="teadDown()[pri:0, instance:Tests.demoTest@932bc4a]" started-at="2023-11-22T16:09:35 CET" name="teadDown" finished-at="2023-11-22T16:09:35 CET" duration-ms="132" status="PASS">
          <reporter-output>
          </reporter-output>
        </test-method> <!-- teadDown -->
        <test-method is-config="true" signature="endTest()[pri:0, instance:Tests.demoTest@932bc4a]" started-at="2023-11-22T16:10:40 CET" name="endTest" finished-at="2023-11-22T16:10:40 CET" duration-ms="17" status="PASS">
          <reporter-output>
          </reporter-output>
        </test-method> <!-- endTest -->
      </class> <!-- Tests.demoTest -->
    </test> <!-- Surefire test -->
  </suite> <!-- Surefire suite -->
</testng-results>
