<?xml version="1.0" encoding="UTF-8"?>
<testng-results ignored="4" total="5" passed="1" failed="0" skipped="0">
  <reporter-output>
  </reporter-output>
  <suite started-at="2023-11-22T13:54:24 CET" name="Default suite" finished-at="2023-11-22T13:54:35 CET" duration-ms="10725">
    <groups>
    </groups>
    <test started-at="2023-11-22T13:54:24 CET" name="Default test" finished-at="2023-11-22T13:54:35 CET" duration-ms="10725">
      <class name="Tests.AbstractCompsTest">
        <test-method is-config="true" signature="launchApp()[pri:0, instance:Tests.AbstractCompsTest@7894f09b]" started-at="2023-11-22T13:54:24 CET" name="launchApp" finished-at="2023-11-22T13:54:32 CET" duration-ms="7511" status="PASS">
          <reporter-output>
          </reporter-output>
        </test-method> <!-- launchApp -->
        <test-method is-config="true" signature="testSetup()[pri:0, instance:Tests.AbstractCompsTest@7894f09b]" started-at="2023-11-22T13:54:32 CET" name="testSetup" finished-at="2023-11-22T13:54:32 CET" duration-ms="60" status="PASS">
          <reporter-output>
          </reporter-output>
        </test-method> <!-- testSetup -->
        <test-method signature="verifyRegisterationPage()[pri:0, instance:Tests.AbstractCompsTest@7894f09b]" started-at="2023-11-22T13:54:32 CET" name="verifyRegisterationPage" finished-at="2023-11-22T13:54:35 CET" duration-ms="2983" status="PASS">
          <reporter-output>
          </reporter-output>
        </test-method> <!-- verifyRegisterationPage -->
        <test-method is-config="true" signature="teadDown()[pri:0, instance:Tests.AbstractCompsTest@7894f09b]" started-at="2023-11-22T13:54:35 CET" name="teadDown" finished-at="2023-11-22T13:54:35 CET" duration-ms="159" status="PASS">
          <reporter-output>
          </reporter-output>
        </test-method> <!-- teadDown -->
      </class> <!-- Tests.AbstractCompsTest -->
    </test> <!-- Default test -->
  </suite> <!-- Default suite -->
</testng-results>
